{
  "stats": {
    "suites": 4,
    "tests": 19,
    "passes": 18,
    "pending": 0,
    "failures": 1,
    "start": "2023-06-15T13:15:55.953Z",
    "end": "2023-06-15T13:18:14.774Z",
    "duration": 138821,
    "testsRegistered": 19,
    "passPercent": 94.73684210526315,
    "pendingPercent": 0,
    "other": 0,
    "hasOther": false,
    "skipped": 0,
    "hasSkipped": false
  },
  "results": [
    {
      "uuid": "fd57b3e5-e8c9-453c-b443-d0482fdcedd5",
      "title": "",
      "fullFile": "",
      "file": "",
      "beforeHooks": [],
      "afterHooks": [],
      "tests": [],
      "suites": [
        {
          "uuid": "5a3bb192-dee3-42b6-90ba-28060ce6fb43",
          "title": "Cart page tests",
          "fullFile": "C:\\Users\\pc\\Desktop\\saucedemoSelenium\\test\\CartTests.ts",
          "file": "\\test\\CartTests.ts",
          "beforeHooks": [
            {
              "title": "\"before each\" hook in \"Cart page tests\"",
              "fullTitle": "Cart page tests \"before each\" hook in \"Cart page tests\"",
              "timedOut": false,
              "duration": 5867,
              "state": null,
              "speed": null,
              "pass": false,
              "fail": false,
              "pending": false,
              "context": null,
              "code": "__awaiter(void 0, void 0, void 0, function* () {\n        browser = new browser_1.Browser();\n        loginPage = new loginPage_1.LoginPage(browser);\n        cartPage = new cartPage_1.CartPage(browser);\n        inventoryPage = new inventoryPage_1.InventoryPage(browser);\n        yield browser.visit(data_1.data.baseURL);\n        yield loginPage.login(data_1.data.username, data_1.data.password);\n    })",
              "err": {},
              "uuid": "917d5944-b414-4772-8242-b2fea59c6e56",
              "parentUUID": "5a3bb192-dee3-42b6-90ba-28060ce6fb43",
              "isHook": true,
              "skipped": false
            }
          ],
          "afterHooks": [
            {
              "title": "\"after each\" hook in \"Cart page tests\"",
              "fullTitle": "Cart page tests \"after each\" hook in \"Cart page tests\"",
              "timedOut": false,
              "duration": 571,
              "state": null,
              "speed": null,
              "pass": false,
              "fail": false,
              "pending": false,
              "context": null,
              "code": "__awaiter(void 0, void 0, void 0, function* () {\n        yield browser.quit();\n    })",
              "err": {},
              "uuid": "a32ce3f7-36b0-458e-8b84-b8eae45cde62",
              "parentUUID": "5a3bb192-dee3-42b6-90ba-28060ce6fb43",
              "isHook": true,
              "skipped": false
            }
          ],
          "tests": [
            {
              "title": "should open cart page",
              "fullTitle": "Cart page tests should open cart page",
              "timedOut": false,
              "duration": 778,
              "state": "passed",
              "speed": "slow",
              "pass": true,
              "fail": false,
              "pending": false,
              "context": null,
              "code": "__awaiter(void 0, void 0, void 0, function* () {\n        yield cartPage.openCart();\n    })",
              "err": {},
              "uuid": "12a24aef-3883-4cc6-81d2-94f14cebaa0d",
              "parentUUID": "5a3bb192-dee3-42b6-90ba-28060ce6fb43",
              "isHook": false,
              "skipped": false
            },
            {
              "title": "should return to inventory",
              "fullTitle": "Cart page tests should return to inventory",
              "timedOut": false,
              "duration": 506,
              "state": "passed",
              "speed": "slow",
              "pass": true,
              "fail": false,
              "pending": false,
              "context": null,
              "code": "__awaiter(void 0, void 0, void 0, function* () {\n        yield cartPage.openCart();\n        yield cartPage.clickContinueShopping();\n    })",
              "err": {},
              "uuid": "04f1979e-71d7-4624-882a-82db4934c23b",
              "parentUUID": "5a3bb192-dee3-42b6-90ba-28060ce6fb43",
              "isHook": false,
              "skipped": false
            },
            {
              "title": "should verify item is added to cart",
              "fullTitle": "Cart page tests should verify item is added to cart",
              "timedOut": false,
              "duration": 1115,
              "state": "passed",
              "speed": "slow",
              "pass": true,
              "fail": false,
              "pending": false,
              "context": null,
              "code": "__awaiter(void 0, void 0, void 0, function* () {\n        yield inventoryPage.addRandomItemToCart();\n        yield cartPage.openCart();\n        yield cartPage.verifyItem();\n    })",
              "err": {},
              "uuid": "259405d0-a137-43c1-a69c-c8ef4ec3aca8",
              "parentUUID": "5a3bb192-dee3-42b6-90ba-28060ce6fb43",
              "isHook": false,
              "skipped": false
            },
            {
              "title": "should remove item from cart",
              "fullTitle": "Cart page tests should remove item from cart",
              "timedOut": false,
              "duration": 1008,
              "state": "passed",
              "speed": "slow",
              "pass": true,
              "fail": false,
              "pending": false,
              "context": null,
              "code": "__awaiter(void 0, void 0, void 0, function* () {\n        yield inventoryPage.addRandomItemToCart();\n        yield cartPage.openCart();\n        yield cartPage.removeItem();\n    })",
              "err": {},
              "uuid": "4ef7f871-8de2-402b-b182-7152505d0734",
              "parentUUID": "5a3bb192-dee3-42b6-90ba-28060ce6fb43",
              "isHook": false,
              "skipped": false
            },
            {
              "title": "should continue to checkout",
              "fullTitle": "Cart page tests should continue to checkout",
              "timedOut": false,
              "duration": 883,
              "state": "passed",
              "speed": "slow",
              "pass": true,
              "fail": false,
              "pending": false,
              "context": null,
              "code": "__awaiter(void 0, void 0, void 0, function* () {\n        yield inventoryPage.addRandomItemToCart();\n        yield cartPage.openCart();\n        yield cartPage.clickCheckout();\n    })",
              "err": {},
              "uuid": "75e20125-3c35-477f-b0bb-0f28a73614db",
              "parentUUID": "5a3bb192-dee3-42b6-90ba-28060ce6fb43",
              "isHook": false,
              "skipped": false
            }
          ],
          "suites": [],
          "passes": [
            "12a24aef-3883-4cc6-81d2-94f14cebaa0d",
            "04f1979e-71d7-4624-882a-82db4934c23b",
            "259405d0-a137-43c1-a69c-c8ef4ec3aca8",
            "4ef7f871-8de2-402b-b182-7152505d0734",
            "75e20125-3c35-477f-b0bb-0f28a73614db"
          ],
          "failures": [],
          "pending": [],
          "skipped": [],
          "duration": 4290,
          "root": false,
          "rootEmpty": false,
          "_timeout": 50000
        },
        {
          "uuid": "48cc7950-483f-48cd-9731-6a67d9778439",
          "title": "Inventory page tests",
          "fullFile": "C:\\Users\\pc\\Desktop\\saucedemoSelenium\\test\\inventoryTests.ts",
          "file": "\\test\\inventoryTests.ts",
          "beforeHooks": [
            {
              "title": "\"before each\" hook in \"Inventory page tests\"",
              "fullTitle": "Inventory page tests \"before each\" hook in \"Inventory page tests\"",
              "timedOut": false,
              "duration": 5753,
              "state": null,
              "speed": null,
              "pass": false,
              "fail": false,
              "pending": false,
              "context": null,
              "code": "__awaiter(void 0, void 0, void 0, function* () {\n        browser = new browser_1.Browser();\n        loginPage = new loginPage_1.LoginPage(browser);\n        inventoryPage = new inventoryPage_1.InventoryPage(browser);\n        yield browser.visit(data_1.data.baseURL);\n        yield loginPage.login(data_1.data.username, data_1.data.password);\n    })",
              "err": {},
              "uuid": "e76d12ff-83fd-4634-966d-a6fb501421fd",
              "parentUUID": "48cc7950-483f-48cd-9731-6a67d9778439",
              "isHook": true,
              "skipped": false
            }
          ],
          "afterHooks": [
            {
              "title": "\"after each\" hook in \"Inventory page tests\"",
              "fullTitle": "Inventory page tests \"after each\" hook in \"Inventory page tests\"",
              "timedOut": false,
              "duration": 246,
              "state": null,
              "speed": null,
              "pass": false,
              "fail": false,
              "pending": false,
              "context": null,
              "code": "__awaiter(void 0, void 0, void 0, function* () {\n        yield browser.quit();\n    })",
              "err": {},
              "uuid": "d599bf3a-8375-4bc2-9068-f9762d3046d2",
              "parentUUID": "48cc7950-483f-48cd-9731-6a67d9778439",
              "isHook": true,
              "skipped": false
            }
          ],
          "tests": [
            {
              "title": "should display all inventory items",
              "fullTitle": "Inventory page tests should display all inventory items",
              "timedOut": false,
              "duration": 115,
              "state": "failed",
              "speed": null,
              "pass": false,
              "fail": true,
              "pending": false,
              "context": null,
              "code": "__awaiter(void 0, void 0, void 0, function* () {\n        yield inventoryPage.getInventoryItems();\n    })",
              "err": {
                "message": "AssertionError: Not all list items present: expected WebElement{ …(2) } to have property 'length'",
                "estack": "AssertionError: Not all list items present: expected WebElement{ …(2) } to have property 'length'\n    at InventoryPage.<anonymous> (pages\\inventoryPage.ts:31:35)\n    at Generator.next (<anonymous>)\n    at fulfilled (pages\\inventoryPage.ts:5:58)\n    at processTicksAndRejections (node:internal/process/task_queues:96:5)",
                "diff": null
              },
              "uuid": "10e6763b-3871-4a1c-9f3b-57926bd8caed",
              "parentUUID": "48cc7950-483f-48cd-9731-6a67d9778439",
              "isHook": false,
              "skipped": false
            },
            {
              "title": "should add item to cart",
              "fullTitle": "Inventory page tests should add item to cart",
              "timedOut": false,
              "duration": 428,
              "state": "passed",
              "speed": "slow",
              "pass": true,
              "fail": false,
              "pending": false,
              "context": null,
              "code": "__awaiter(void 0, void 0, void 0, function* () {\n        yield inventoryPage.addRandomItemToCart();\n        yield inventoryPage.getCartBadgeNumber(1);\n    })",
              "err": {},
              "uuid": "e24ff7f3-8dbf-4bb7-b6c8-51e2c1880d90",
              "parentUUID": "48cc7950-483f-48cd-9731-6a67d9778439",
              "isHook": false,
              "skipped": false
            },
            {
              "title": "should remove item from cart",
              "fullTitle": "Inventory page tests should remove item from cart",
              "timedOut": false,
              "duration": 555,
              "state": "passed",
              "speed": "slow",
              "pass": true,
              "fail": false,
              "pending": false,
              "context": null,
              "code": "__awaiter(void 0, void 0, void 0, function* () {\n        yield inventoryPage.removeRandomItemFromCart();\n    })",
              "err": {},
              "uuid": "a731fb4e-3924-42ba-a990-f49317d690ed",
              "parentUUID": "48cc7950-483f-48cd-9731-6a67d9778439",
              "isHook": false,
              "skipped": false
            },
            {
              "title": "should add multiple items to cart",
              "fullTitle": "Inventory page tests should add multiple items to cart",
              "timedOut": false,
              "duration": 507,
              "state": "passed",
              "speed": "slow",
              "pass": true,
              "fail": false,
              "pending": false,
              "context": null,
              "code": "__awaiter(void 0, void 0, void 0, function* () {\n        yield inventoryPage.addMultipleItemsToCart();\n        yield inventoryPage.getCartBadgeNumber(2);\n    })",
              "err": {},
              "uuid": "ddd9873d-151c-40ef-9a21-6fb4ca0589c8",
              "parentUUID": "48cc7950-483f-48cd-9731-6a67d9778439",
              "isHook": false,
              "skipped": false
            },
            {
              "title": "should sort the items low-to-high",
              "fullTitle": "Inventory page tests should sort the items low-to-high",
              "timedOut": false,
              "duration": 636,
              "state": "passed",
              "speed": "slow",
              "pass": true,
              "fail": false,
              "pending": false,
              "context": null,
              "code": "__awaiter(void 0, void 0, void 0, function* () {\n        yield inventoryPage.sortLowToHigh();\n        yield inventoryPage.assertSortOrder(\"lowToHigh\");\n    })",
              "err": {},
              "uuid": "439960cf-eb5f-41b6-a86c-5e4a9b8302af",
              "parentUUID": "48cc7950-483f-48cd-9731-6a67d9778439",
              "isHook": false,
              "skipped": false
            },
            {
              "title": "should sort the items high-to-low",
              "fullTitle": "Inventory page tests should sort the items high-to-low",
              "timedOut": false,
              "duration": 703,
              "state": "passed",
              "speed": "slow",
              "pass": true,
              "fail": false,
              "pending": false,
              "context": null,
              "code": "__awaiter(void 0, void 0, void 0, function* () {\n        yield inventoryPage.sortHighToLow();\n        yield inventoryPage.assertSortOrder(\"highToLow\");\n    })",
              "err": {},
              "uuid": "6b49be1d-e3d4-42c8-be86-2fda6f757e25",
              "parentUUID": "48cc7950-483f-48cd-9731-6a67d9778439",
              "isHook": false,
              "skipped": false
            },
            {
              "title": "should sort the items alphabetically A-Z",
              "fullTitle": "Inventory page tests should sort the items alphabetically A-Z",
              "timedOut": false,
              "duration": 753,
              "state": "passed",
              "speed": "slow",
              "pass": true,
              "fail": false,
              "pending": false,
              "context": null,
              "code": "__awaiter(void 0, void 0, void 0, function* () {\n        yield inventoryPage.sortAtoZ();\n        yield inventoryPage.assertAlphabeticalSortOrder();\n    })",
              "err": {},
              "uuid": "fe1f38cf-bd05-4408-82a8-c1f0fc120cf5",
              "parentUUID": "48cc7950-483f-48cd-9731-6a67d9778439",
              "isHook": false,
              "skipped": false
            }
          ],
          "suites": [],
          "passes": [
            "e24ff7f3-8dbf-4bb7-b6c8-51e2c1880d90",
            "a731fb4e-3924-42ba-a990-f49317d690ed",
            "ddd9873d-151c-40ef-9a21-6fb4ca0589c8",
            "439960cf-eb5f-41b6-a86c-5e4a9b8302af",
            "6b49be1d-e3d4-42c8-be86-2fda6f757e25",
            "fe1f38cf-bd05-4408-82a8-c1f0fc120cf5"
          ],
          "failures": [
            "10e6763b-3871-4a1c-9f3b-57926bd8caed"
          ],
          "pending": [],
          "skipped": [],
          "duration": 3697,
          "root": false,
          "rootEmpty": false,
          "_timeout": 50000
        },
        {
          "uuid": "8daa2ab8-4e18-4ba5-9e4e-421a2a5f05ae",
          "title": "Login Tests",
          "fullFile": "C:\\Users\\pc\\Desktop\\saucedemoSelenium\\test\\LoginTests.ts",
          "file": "\\test\\LoginTests.ts",
          "beforeHooks": [
            {
              "title": "\"before each\" hook in \"Login Tests\"",
              "fullTitle": "Login Tests \"before each\" hook in \"Login Tests\"",
              "timedOut": false,
              "duration": 4706,
              "state": null,
              "speed": null,
              "pass": false,
              "fail": false,
              "pending": false,
              "context": null,
              "code": "__awaiter(void 0, void 0, void 0, function* () {\n        browser = new browser_1.Browser();\n        loginPage = new loginPage_1.LoginPage(browser);\n        yield browser.visit(data_1.data.baseURL);\n    })",
              "err": {},
              "uuid": "6a3170f5-32ae-4abd-ab5a-fe5336b6f99d",
              "parentUUID": "8daa2ab8-4e18-4ba5-9e4e-421a2a5f05ae",
              "isHook": true,
              "skipped": false
            }
          ],
          "afterHooks": [
            {
              "title": "\"after each\" hook in \"Login Tests\"",
              "fullTitle": "Login Tests \"after each\" hook in \"Login Tests\"",
              "timedOut": false,
              "duration": 238,
              "state": null,
              "speed": null,
              "pass": false,
              "fail": false,
              "pending": false,
              "context": null,
              "code": "__awaiter(void 0, void 0, void 0, function* () {\n        yield browser.quit();\n    })",
              "err": {},
              "uuid": "1396c315-f461-4d95-92c8-d8742baa99f9",
              "parentUUID": "8daa2ab8-4e18-4ba5-9e4e-421a2a5f05ae",
              "isHook": true,
              "skipped": false
            }
          ],
          "tests": [
            {
              "title": "should login successfully",
              "fullTitle": "Login Tests should login successfully",
              "timedOut": false,
              "duration": 865,
              "state": "passed",
              "speed": "slow",
              "pass": true,
              "fail": false,
              "pending": false,
              "context": null,
              "code": "__awaiter(void 0, void 0, void 0, function* () {\n        yield loginPage.login(data_1.data.username, data_1.data.password);\n        yield loginPage.verifyUrl();\n    })",
              "err": {},
              "uuid": "01756b66-5f65-480c-805a-20f2b55bf33d",
              "parentUUID": "8daa2ab8-4e18-4ba5-9e4e-421a2a5f05ae",
              "isHook": false,
              "skipped": false
            },
            {
              "title": "should dislplay error message on missing username",
              "fullTitle": "Login Tests should dislplay error message on missing username",
              "timedOut": false,
              "duration": 959,
              "state": "passed",
              "speed": "slow",
              "pass": true,
              "fail": false,
              "pending": false,
              "context": null,
              "code": "__awaiter(void 0, void 0, void 0, function* () {\n        yield loginPage.login(data_1.data.empty_user, data_1.data.password);\n        yield loginPage.getErrorMessage(\"Epic sadface: Username is required\");\n    })",
              "err": {},
              "uuid": "ab1e9b7c-4874-477d-b846-2982d6cf69cb",
              "parentUUID": "8daa2ab8-4e18-4ba5-9e4e-421a2a5f05ae",
              "isHook": false,
              "skipped": false
            },
            {
              "title": "should display error message on missing password",
              "fullTitle": "Login Tests should display error message on missing password",
              "timedOut": false,
              "duration": 799,
              "state": "passed",
              "speed": "slow",
              "pass": true,
              "fail": false,
              "pending": false,
              "context": null,
              "code": "__awaiter(void 0, void 0, void 0, function* () {\n        yield loginPage.login(data_1.data.username, data_1.data.empty_pass);\n        yield loginPage.getErrorMessage(\"Epic sadface: Password is required\");\n    })",
              "err": {},
              "uuid": "8476c1d1-1418-4929-a4ac-dadc91c051e1",
              "parentUUID": "8daa2ab8-4e18-4ba5-9e4e-421a2a5f05ae",
              "isHook": false,
              "skipped": false
            },
            {
              "title": "should display error message on wrong password",
              "fullTitle": "Login Tests should display error message on wrong password",
              "timedOut": false,
              "duration": 1095,
              "state": "passed",
              "speed": "slow",
              "pass": true,
              "fail": false,
              "pending": false,
              "context": null,
              "code": "__awaiter(void 0, void 0, void 0, function* () {\n        yield loginPage.login(data_1.data.username, data_1.data.invalid_pass);\n        yield loginPage.getErrorMessage(\"Epic sadface: Username and password do not match any user in this service\");\n    })",
              "err": {},
              "uuid": "ed30fef9-f0a5-4bba-8bc5-5da0a1ee75e9",
              "parentUUID": "8daa2ab8-4e18-4ba5-9e4e-421a2a5f05ae",
              "isHook": false,
              "skipped": false
            }
          ],
          "suites": [],
          "passes": [
            "01756b66-5f65-480c-805a-20f2b55bf33d",
            "ab1e9b7c-4874-477d-b846-2982d6cf69cb",
            "8476c1d1-1418-4929-a4ac-dadc91c051e1",
            "ed30fef9-f0a5-4bba-8bc5-5da0a1ee75e9"
          ],
          "failures": [],
          "pending": [],
          "skipped": [],
          "duration": 3718,
          "root": false,
          "rootEmpty": false,
          "_timeout": 50000
        },
        {
          "uuid": "8456b785-fe38-49eb-bdb7-99e382d413c9",
          "title": "User menu tests",
          "fullFile": "C:\\Users\\pc\\Desktop\\saucedemoSelenium\\test\\UserMenuTests.ts",
          "file": "\\test\\UserMenuTests.ts",
          "beforeHooks": [
            {
              "title": "\"before each\" hook in \"User menu tests\"",
              "fullTitle": "User menu tests \"before each\" hook in \"User menu tests\"",
              "timedOut": false,
              "duration": 5624,
              "state": null,
              "speed": null,
              "pass": false,
              "fail": false,
              "pending": false,
              "context": null,
              "code": "__awaiter(void 0, void 0, void 0, function* () {\n        browser = new browser_1.Browser();\n        loginPage = new loginPage_1.LoginPage(browser);\n        userMenuPage = new userMenuPage_1.UserMenuPage(browser);\n        yield browser.visit(data_1.data.baseURL);\n        yield loginPage.login(data_1.data.username, data_1.data.password);\n    })",
              "err": {},
              "uuid": "a7c266d6-ef40-4a75-8e7a-76653004ae71",
              "parentUUID": "8456b785-fe38-49eb-bdb7-99e382d413c9",
              "isHook": true,
              "skipped": false
            }
          ],
          "afterHooks": [
            {
              "title": "\"after each\" hook in \"User menu tests\"",
              "fullTitle": "User menu tests \"after each\" hook in \"User menu tests\"",
              "timedOut": false,
              "duration": 256,
              "state": null,
              "speed": null,
              "pass": false,
              "fail": false,
              "pending": false,
              "context": null,
              "code": "__awaiter(void 0, void 0, void 0, function* () {\n        yield browser.quit();\n    })",
              "err": {},
              "uuid": "76478066-5d1a-47e3-beec-a7da78acb7fb",
              "parentUUID": "8456b785-fe38-49eb-bdb7-99e382d413c9",
              "isHook": true,
              "skipped": false
            }
          ],
          "tests": [
            {
              "title": "should open and close user menu",
              "fullTitle": "User menu tests should open and close user menu",
              "timedOut": false,
              "duration": 825,
              "state": "passed",
              "speed": "slow",
              "pass": true,
              "fail": false,
              "pending": false,
              "context": null,
              "code": "__awaiter(void 0, void 0, void 0, function* () {\n        yield userMenuPage.openMenu();\n        yield userMenuPage.assertMenuLinks();\n        yield userMenuPage.closeMenu();\n    })",
              "err": {},
              "uuid": "57f6d09a-5b0c-4e97-b581-91d8077bed39",
              "parentUUID": "8456b785-fe38-49eb-bdb7-99e382d413c9",
              "isHook": false,
              "skipped": false
            },
            {
              "title": "should open about page",
              "fullTitle": "User menu tests should open about page",
              "timedOut": false,
              "duration": 9656,
              "state": "passed",
              "speed": "slow",
              "pass": true,
              "fail": false,
              "pending": false,
              "context": null,
              "code": "__awaiter(void 0, void 0, void 0, function* () {\n        yield userMenuPage.openMenu();\n        yield userMenuPage.openAbout();\n    })",
              "err": {},
              "uuid": "2a5e9583-6c6c-4dd4-b988-d208a80fc048",
              "parentUUID": "8456b785-fe38-49eb-bdb7-99e382d413c9",
              "isHook": false,
              "skipped": false
            },
            {
              "title": "should logout user",
              "fullTitle": "User menu tests should logout user",
              "timedOut": false,
              "duration": 668,
              "state": "passed",
              "speed": "slow",
              "pass": true,
              "fail": false,
              "pending": false,
              "context": null,
              "code": "__awaiter(void 0, void 0, void 0, function* () {\n        yield userMenuPage.openMenu();\n        yield userMenuPage.clickLogout();\n    })",
              "err": {},
              "uuid": "4117ec68-5d30-456d-aafc-ef07640b4e34",
              "parentUUID": "8456b785-fe38-49eb-bdb7-99e382d413c9",
              "isHook": false,
              "skipped": false
            }
          ],
          "suites": [],
          "passes": [
            "57f6d09a-5b0c-4e97-b581-91d8077bed39",
            "2a5e9583-6c6c-4dd4-b988-d208a80fc048",
            "4117ec68-5d30-456d-aafc-ef07640b4e34"
          ],
          "failures": [],
          "pending": [],
          "skipped": [],
          "duration": 11149,
          "root": false,
          "rootEmpty": false,
          "_timeout": 50000
        }
      ],
      "passes": [],
      "failures": [],
      "pending": [],
      "skipped": [],
      "duration": 0,
      "root": true,
      "rootEmpty": true,
      "_timeout": 50000
    }
  ],
  "meta": {
    "mocha": {
      "version": "10.2.0"
    },
    "mochawesome": {
      "options": {
        "quiet": false,
        "reportFilename": "mochawesome",
        "saveHtml": true,
        "saveJson": true,
        "consoleReporter": "spec",
        "useInlineDiffs": false,
        "code": true
      },
      "version": "7.1.3"
    },
    "marge": {
      "options": null,
      "version": "6.2.0"
    }
  }
}